current directory: /Users/yannakoun/Project/Perso/exo-jc/.vendor/ruby/3.2.0/gems/prism-0.30.0/ext/prism
/Users/yannakoun/.rvm/rubies/ruby-3.2.2/bin/ruby -I /Users/yannakoun/.rvm/rubies/ruby-3.2.2/lib/ruby/site_ruby/3.2.0 -r ./siteconf20240806-50067-hdhr40.rb extconf.rb
/Users/yannakoun/.rvm/rubies/ruby-3.2.2/bin/ruby: warning: Ruby was built without YJIT support. You may need to install rustc to build Ruby with YJIT.
checking for prism.h in /Users/yannakoun/Project/Perso/exo-jc/.vendor/ruby/3.2.0/gems/prism-0.30.0/include... yes
checking for prism/extension.h in /Users/yannakoun/Project/Perso/exo-jc/.vendor/ruby/3.2.0/gems/prism-0.30.0/ext... yes
checking for whether -fvisibility=hidden is accepted as CFLAGS... yes
Running make build/libprism.a with {"SOEXT"=>"dylib", "MAKEDIRS"=>"/opt/homebrew/opt/coreutils/bin/gmkdir -p", "RMALL"=>"rm -fr"}
compiling build/static/diagnostic.o
compiling build/static/encoding.o
compiling build/static/node.o
compiling build/static/options.o
compiling build/static/pack.o
compiling build/static/prettyprint.o
compiling build/static/prism.o
compiling build/static/regexp.o
compiling build/static/serialize.o
compiling build/static/static_literals.o
compiling build/static/token_type.o
compiling build/static/util/pm_buffer.o
compiling build/static/util/pm_char.o
compiling build/static/util/pm_constant_pool.o
compiling build/static/util/pm_integer.o
compiling build/static/util/pm_list.o
compiling build/static/util/pm_memchr.o
compiling build/static/util/pm_newline_list.o
compiling build/static/util/pm_string.o
compiling build/static/util/pm_strncasecmp.o
compiling build/static/util/pm_strpbrk.o
building build/libprism.a with ar
ar: creating archive build/libprism.a
creating Makefile

current directory: /Users/yannakoun/Project/Perso/exo-jc/.vendor/ruby/3.2.0/gems/prism-0.30.0/ext/prism
make "DESTDIR=" clean

current directory: /Users/yannakoun/Project/Perso/exo-jc/.vendor/ruby/3.2.0/gems/prism-0.30.0/ext/prism
make "DESTDIR="
compiling api_node.c
compiling api_pack.c
compiling extension.c
linking shared-object prism/prism.bundle
ld: warning: -multiply_defined is obsolete
ld: warning: ignoring duplicate libraries: '-lruby.3.2'

current directory: /Users/yannakoun/Project/Perso/exo-jc/.vendor/ruby/3.2.0/gems/prism-0.30.0/ext/prism
make "DESTDIR=" install
/opt/homebrew/opt/coreutils/bin/ginstall -c -m 0755 prism.bundle ./.gem.20240806-50067-884ayd/prism
