current directory: /Users/yannakoun/Project/Perso/exo-jc/.vendor/ruby/3.2.0/gems/psych-5.1.2/ext/psych
/Users/yannakoun/.rvm/rubies/ruby-3.2.2/bin/ruby -I /Users/yannakoun/.rvm/rubies/ruby-3.2.2/lib/ruby/site_ruby/3.2.0 -r ./siteconf20240806-50067-hkgou7.rb extconf.rb
/Users/yannakoun/.rvm/rubies/ruby-3.2.2/bin/ruby: warning: Ruby was built without YJIT support. You may need to install rustc to build Ruby with YJIT.
checking for yaml.h... yes
checking for yaml_get_version() in -lyaml... yes
creating Makefile

current directory: /Users/yannakoun/Project/Perso/exo-jc/.vendor/ruby/3.2.0/gems/psych-5.1.2/ext/psych
make "DESTDIR=" clean
cd libyaml && /Applications/Xcode.app/Contents/Developer/usr/bin/make clean
/bin/sh: line 0: cd: libyaml: No such file or directory
make: [clean-so] Error 1 (ignored)

current directory: /Users/yannakoun/Project/Perso/exo-jc/.vendor/ruby/3.2.0/gems/psych-5.1.2/ext/psych
make "DESTDIR="
compiling psych.c
compiling psych_emitter.c
compiling psych_parser.c
compiling psych_to_ruby.c
compiling psych_yaml_tree.c
linking shared-object psych.bundle
ld: warning: -multiply_defined is obsolete
ld: warning: ignoring duplicate libraries: '-lruby.3.2', '-lyaml'

current directory: /Users/yannakoun/Project/Perso/exo-jc/.vendor/ruby/3.2.0/gems/psych-5.1.2/ext/psych
make "DESTDIR=" install
/opt/homebrew/opt/coreutils/bin/ginstall -c -m 0755 psych.bundle ./.gem.20240806-50067-gp983q
