current directory: /Users/yannakoun/Project/Perso/exo-jc/.vendor/ruby/3.2.0/gems/io-console-0.7.2/ext/io/console
/Users/yannakoun/.rvm/rubies/ruby-3.2.2/bin/ruby -I /Users/yannakoun/.rvm/rubies/ruby-3.2.2/lib/ruby/site_ruby/3.2.0 -r ./siteconf20240806-50067-nuulgm.rb extconf.rb
/Users/yannakoun/.rvm/rubies/ruby-3.2.2/bin/ruby: warning: Ruby was built without YJIT support. You may need to install rustc to build Ruby with YJIT.
checking for rb_io_path()... no
checking for rb_io_descriptor()... yes
checking for rb_io_get_write_io()... yes
checking for rb_io_closed_p()... no
checking for rb_io_open_descriptor()... no
checking for termios.h... yes
checking for cfmakeraw() in termios.h... yes
checking for sys/ioctl.h... yes
checking for HAVE_RUBY_FIBER_SCHEDULER_H... yes
creating Makefile

current directory: /Users/yannakoun/Project/Perso/exo-jc/.vendor/ruby/3.2.0/gems/io-console-0.7.2/ext/io/console
make "DESTDIR=" clean

current directory: /Users/yannakoun/Project/Perso/exo-jc/.vendor/ruby/3.2.0/gems/io-console-0.7.2/ext/io/console
make "DESTDIR="
compiling console.c
linking shared-object io/console.bundle
ld: warning: -multiply_defined is obsolete
ld: warning: ignoring duplicate libraries: '-lruby.3.2'

current directory: /Users/yannakoun/Project/Perso/exo-jc/.vendor/ruby/3.2.0/gems/io-console-0.7.2/ext/io/console
make "DESTDIR=" install
/opt/homebrew/opt/coreutils/bin/ginstall -c -m 0755 console.bundle ./.gem.20240806-50067-j74apo/io
